[2020-07-08T02:17:12.516] [DEBUG] cheese - login => username:admin,password:123456
[2020-07-08T02:17:12.518] [DEBUG] cheese - admin
[2020-07-08T02:17:12.526] [DEBUG] cheese - null
[2020-07-08T02:17:12.527] [DEBUG] cheese - null
[2020-07-08T02:20:28.762] [DEBUG] cheese - login => username:admin,password:123456
[2020-07-08T02:20:28.764] [DEBUG] cheese - admin
[2020-07-08T02:20:28.774] [DEBUG] cheese - null
[2020-07-08T02:20:28.774] [DEBUG] cheese - null
[2020-07-08T02:22:43.575] [DEBUG] cheese - login => username:admin,password:123456
[2020-07-08T02:22:43.576] [DEBUG] cheese - admin
[2020-07-08T02:22:43.582] [DEBUG] cheese - null
[2020-07-08T02:22:43.583] [DEBUG] cheese - null
[2020-07-08T08:50:16.630] [DEBUG] cheese - login => username:admin,password:123456
[2020-07-08T08:50:16.631] [DEBUG] cheese - admin
[2020-07-08T08:50:16.676] [DEBUG] cheese - null
[2020-07-08T08:50:16.677] [DEBUG] cheese - null
[2020-07-08T08:57:31.129] [DEBUG] cheese - null
[2020-07-08T08:59:10.953] [DEBUG] cheese - login => username:admin,password:123456
[2020-07-08T08:59:10.955] [DEBUG] cheese - admin
[2020-07-08T08:59:10.964] [DEBUG] cheese - null
[2020-07-08T08:59:10.965] [DEBUG] cheese - null
[2020-07-08T12:03:41.332] [DEBUG] cheese - login => username:admin,password:123456
[2020-07-08T12:03:41.334] [DEBUG] cheese - admin
[2020-07-08T12:03:41.340] [DEBUG] cheese - null
[2020-07-08T12:03:41.341] [DEBUG] cheese - null
[2020-07-08T12:04:06.158] [DEBUG] cheese - login => username:lpieces,password:lpieces
[2020-07-08T12:04:06.159] [DEBUG] cheese - lpieces
[2020-07-08T12:04:06.164] [DEBUG] cheese - null
[2020-07-08T12:04:06.165] [DEBUG] cheese - null
[2020-07-08T12:04:08.202] [DEBUG] cheese - null
[2020-07-08T12:04:08.206] [DEBUG] cheese - null
[2020-07-08T12:04:09.185] [DEBUG] cheese - null
[2020-07-08T12:04:09.187] [DEBUG] cheese - null
[2020-07-08T12:04:09.869] [DEBUG] cheese - null
[2020-07-08T12:04:09.871] [DEBUG] cheese - null
[2020-07-08T12:04:10.964] [DEBUG] cheese - null
[2020-07-08T12:04:10.965] [DEBUG] cheese - null
[2020-07-08T12:04:11.463] [DEBUG] cheese - null
[2020-07-08T12:04:11.465] [DEBUG] cheese - null
[2020-07-08T12:04:12.099] [DEBUG] cheese - null
[2020-07-08T12:04:12.101] [DEBUG] cheese - null
[2020-07-08T12:04:13.975] [DEBUG] cheese - null
[2020-07-08T12:04:13.977] [DEBUG] cheese - null
[2020-07-08T12:04:15.183] [DEBUG] cheese - null
[2020-07-08T12:04:18.872] [DEBUG] cheese - null
[2020-07-08T12:04:18.875] [DEBUG] cheese - null
[2020-07-08T12:04:21.041] [DEBUG] cheese - null
[2020-07-08T12:04:22.885] [DEBUG] cheese - null
[2020-07-08T12:04:22.886] [DEBUG] cheese - null
[2020-07-08T12:04:25.196] [DEBUG] cheese - login => username:admin,password:123456
[2020-07-08T12:04:25.197] [DEBUG] cheese - admin
[2020-07-08T12:04:25.198] [DEBUG] cheese - null
[2020-07-08T12:04:25.198] [DEBUG] cheese - null
[2020-07-08T12:05:35.368] [DEBUG] cheese - login => username:admin,password:123456
[2020-07-08T12:05:35.368] [DEBUG] cheese - admin
[2020-07-08T12:05:35.370] [DEBUG] cheese - null
[2020-07-08T12:05:35.370] [DEBUG] cheese - null
[2020-07-08T12:27:48.183] [DEBUG] cheese - login => username:admin,password:123456
[2020-07-08T12:27:48.183] [DEBUG] cheese - admin
[2020-07-08T12:27:48.185] [DEBUG] cheese - null
[2020-07-08T12:27:48.185] [DEBUG] cheese - null
[2020-07-08T12:31:33.715] [DEBUG] cheese - login => username:admin,password:123456
[2020-07-08T12:31:33.717] [DEBUG] cheese - admin
[2020-07-08T12:31:33.720] [DEBUG] cheese - null
[2020-07-08T12:31:33.721] [DEBUG] cheese - null
[2020-07-09T09:39:06.083] [DEBUG] cheese - login => username:admin,password:123456
[2020-07-09T09:39:06.084] [DEBUG] cheese - admin
[2020-07-09T09:39:06.172] [DEBUG] cheese - null
[2020-07-09T09:39:06.172] [DEBUG] cheese - null
[2020-07-11T14:42:53.892] [DEBUG] cheese - login => username:admin,password:123456
[2020-07-11T14:42:53.893] [DEBUG] cheese - admin
[2020-07-11T14:42:54.060] [DEBUG] cheese - null
[2020-07-11T14:42:54.060] [DEBUG] cheese - null
[2020-07-21T10:39:57.426] [DEBUG] cheese - login => username:admin,password:123456
[2020-07-21T10:39:57.427] [DEBUG] cheese - admin
[2020-07-21T10:39:57.438] [DEBUG] cheese - null
[2020-07-21T10:39:57.438] [DEBUG] cheese - null
[2020-07-21T16:35:31.941] [DEBUG] cheese - login => username:admin,password:123456
[2020-07-21T16:35:31.942] [DEBUG] cheese - admin
[2020-07-21T16:35:32.002] [DEBUG] cheese - null
[2020-07-21T16:35:32.002] [DEBUG] cheese - null
[2020-07-21T17:12:01.467] [DEBUG] cheese - login => username:admin,password:123456
[2020-07-21T17:12:01.469] [DEBUG] cheese - admin
[2020-07-21T17:12:01.478] [DEBUG] cheese - null
[2020-07-21T17:12:01.479] [DEBUG] cheese - null
[2020-07-21T17:12:07.560] [DEBUG] cheese - login => username:admin,password:123456
[2020-07-21T17:12:07.560] [DEBUG] cheese - admin
[2020-07-21T17:12:07.563] [DEBUG] cheese - null
[2020-07-21T17:12:07.563] [DEBUG] cheese - null
[2020-07-21T17:12:10.037] [DEBUG] cheese - login => username:admin,password:123456
[2020-07-21T17:12:10.037] [DEBUG] cheese - admin
[2020-07-21T17:12:10.039] [DEBUG] cheese - null
[2020-07-21T17:12:10.039] [DEBUG] cheese - null
[2020-07-21T17:12:11.861] [DEBUG] cheese - login => username:admin,password:123456
[2020-07-21T17:12:11.861] [DEBUG] cheese - admin
[2020-07-21T17:12:11.863] [DEBUG] cheese - null
[2020-07-21T17:12:11.863] [DEBUG] cheese - null
[2020-07-27T14:37:52.890] [DEBUG] cheese - login => username:admin,password:123456
[2020-07-27T14:37:52.892] [DEBUG] cheese - admin
[2020-07-27T14:37:52.962] [DEBUG] cheese - null
[2020-07-27T14:37:52.963] [DEBUG] cheese - null
[2020-08-02T12:05:20.292] [DEBUG] cheese - login => username:admin,password:123456
[2020-08-02T12:05:20.293] [DEBUG] cheese - admin
[2020-08-02T12:05:20.351] [DEBUG] cheese - null
[2020-08-02T12:05:20.352] [DEBUG] cheese - null
[2020-08-02T13:16:22.653] [DEBUG] cheese - login => username:admin,password:123456
[2020-08-02T13:16:22.653] [DEBUG] cheese - admin
[2020-08-02T13:17:12.365] [DEBUG] cheese - null
[2020-08-02T13:17:12.365] [DEBUG] cheese - null
[2020-08-02T13:17:12.451] [DEBUG] cheese - login => username:admin,password:123456
[2020-08-02T13:17:12.451] [DEBUG] cheese - admin
[2020-08-02T13:17:12.454] [DEBUG] cheese - null
[2020-08-02T13:17:12.454] [DEBUG] cheese - null
[2020-08-02T14:04:04.401] [DEBUG] cheese - login => username:admin,password:123456
[2020-08-02T14:04:04.402] [DEBUG] cheese - admin
[2020-08-02T14:04:04.415] [DEBUG] cheese - null
[2020-08-02T14:04:04.415] [DEBUG] cheese - null
[2020-08-02T14:35:44.738] [DEBUG] cheese - login => username:admin,password:123456
[2020-08-02T14:35:44.740] [DEBUG] cheese - admin
[2020-08-02T14:35:44.749] [DEBUG] cheese - null
[2020-08-02T14:35:44.749] [DEBUG] cheese - null
[2020-08-02T14:39:14.738] [DEBUG] cheese - login => username:admin,password:123456
[2020-08-02T14:39:14.740] [DEBUG] cheese - admin
[2020-08-02T14:39:14.743] [DEBUG] cheese - null
[2020-08-02T14:39:14.744] [DEBUG] cheese - null
[2020-08-02T14:40:37.759] [DEBUG] cheese - login => username:admin,password:123456
[2020-08-02T14:40:37.760] [DEBUG] cheese - admin
[2020-08-02T14:40:37.762] [DEBUG] cheese - null
[2020-08-02T14:40:37.763] [DEBUG] cheese - null
[2020-08-02T15:10:46.265] [DEBUG] cheese - login => username:admin,password:123456
[2020-08-02T15:10:46.265] [DEBUG] cheese - admin
[2020-08-02T15:10:46.268] [DEBUG] cheese - null
[2020-08-02T15:10:46.268] [DEBUG] cheese - null
[2020-08-02T15:14:53.162] [DEBUG] cheese - login => username:admin,password:123456
[2020-08-02T15:14:53.162] [DEBUG] cheese - admin
[2020-08-02T15:14:53.164] [DEBUG] cheese - null
[2020-08-02T15:14:53.164] [DEBUG] cheese - null
[2020-08-02T15:18:32.032] [DEBUG] cheese - login => username:admin,password:123456
[2020-08-02T15:18:32.032] [DEBUG] cheese - admin
[2020-08-02T15:18:32.034] [DEBUG] cheese - null
[2020-08-02T15:18:32.034] [DEBUG] cheese - null
[2020-08-02T15:22:30.274] [DEBUG] cheese - login => username:admin,password:123456
[2020-08-02T15:22:30.275] [DEBUG] cheese - admin
[2020-08-02T15:22:30.277] [DEBUG] cheese - null
[2020-08-02T15:22:30.277] [DEBUG] cheese - null
[2020-08-03T10:37:21.996] [DEBUG] cheese - login => username:admin,password:123456
[2020-08-03T10:37:21.997] [DEBUG] cheese - admin
[2020-08-03T10:37:22.046] [DEBUG] cheese - null
[2020-08-03T10:37:22.046] [DEBUG] cheese - null
[2020-08-03T10:37:45.536] [DEBUG] cheese - login => username:admin,password:123456
[2020-08-03T10:37:45.537] [DEBUG] cheese - admin
[2020-08-03T10:37:45.540] [DEBUG] cheese - null
[2020-08-03T10:37:45.540] [DEBUG] cheese - null
[2020-08-03T10:39:00.701] [DEBUG] cheese - null
[2020-08-03T10:40:22.593] [DEBUG] cheese - null
[2020-08-03T10:51:58.201] [DEBUG] cheese - login => username:admin,password:123456
[2020-08-03T10:51:58.203] [DEBUG] cheese - admin
[2020-08-03T10:51:58.212] [DEBUG] cheese - null
[2020-08-03T10:51:58.213] [DEBUG] cheese - null
[2020-08-03T10:52:19.223] [DEBUG] cheese - null
[2020-08-03T10:53:02.625] [DEBUG] cheese - null
[2020-08-03T10:55:24.559] [DEBUG] cheese - login => username:admin,password:123456
[2020-08-03T10:55:24.559] [DEBUG] cheese - admin
[2020-08-03T10:55:24.562] [DEBUG] cheese - null
[2020-08-03T10:55:24.562] [DEBUG] cheese - null
[2020-08-03T10:55:52.773] [DEBUG] cheese - null
[2020-08-03T11:24:28.586] [DEBUG] cheese - login => username:admin,password:123456
[2020-08-03T11:24:28.588] [DEBUG] cheese - admin
[2020-08-03T11:24:28.600] [DEBUG] cheese - null
[2020-08-03T11:24:28.601] [DEBUG] cheese - null
[2020-08-03T11:25:16.449] [DEBUG] cheese - null
[2020-08-03T11:27:32.258] [DEBUG] cheese - login => username:admin,password:123456
[2020-08-03T11:27:32.258] [DEBUG] cheese - admin
[2020-08-03T11:27:32.260] [DEBUG] cheese - null
[2020-08-03T11:27:32.260] [DEBUG] cheese - null
[2020-08-03T11:27:48.853] [DEBUG] cheese - null
